<?xml version="1.0" encoding="UTF-8"?>
<!-- Generated by org.testng.reporters.JUnitReportReporter -->
<testsuite hostname="Harry_HP" failures="0" tests="1" name="api.Usecases.validatetestcas" time="4.427" errors="0" timestamp="2024-05-29T22:24:51 AEST" skipped="0">
  <testcase classname="api.Usecases.validatetestcas" name="TestReult" time="4.427"/>
</testsuite> <!-- api.Usecases.validatetestcas -->
